<?xml version="1.0" encoding="UTF-8"?>
<!-- Generated by org.testng.reporters.JUnitReportReporter -->
<testsuite skipped="0" hostname="CBBRNDAUZEDA" name="TestFirstChallenge" tests="1" failures="0" timestamp="2021-05-23T02:31:48 BOT" time="19.922" errors="0">
  <testcase name="FirstChallengeTest" time="19.922" classname="TestFirstChallenge"/>
  <system-out/>
</testsuite> <!-- TestFirstChallenge -->
